<?xml version="1.0" encoding="UTF-8"?>
<testsuite name="main.PrimeFactorTests" tests="10" skipped="0" failures="0" errors="0" timestamp="2020-08-19T10:58:58" hostname="Nguyens-MacBook-Pro.local" time="0.004">
  <properties/>
  <testcase name="test60060" classname="main.PrimeFactorTests" time="0.001"/>
  <testcase name="test1" classname="main.PrimeFactorTests" time="0.0"/>
  <testcase name="test2" classname="main.PrimeFactorTests" time="0.0"/>
  <testcase name="test3" classname="main.PrimeFactorTests" time="0.0"/>
  <testcase name="test4" classname="main.PrimeFactorTests" time="0.0"/>
  <testcase name="test5" classname="main.PrimeFactorTests" time="0.0"/>
  <testcase name="test6" classname="main.PrimeFactorTests" time="0.0"/>
  <testcase name="test7" classname="main.PrimeFactorTests" time="0.001"/>
  <testcase name="test8" classname="main.PrimeFactorTests" time="0.0"/>
  <testcase name="test9" classname="main.PrimeFactorTests" time="0.0"/>
  <system-out><![CDATA[]]></system-out>
  <system-err><![CDATA[]]></system-err>
</testsuite>
